<?xml version="1.0" encoding="UTF-8"?>
<!-- Generated by org.testng.reporters.JUnitXMLReporter -->
<testsuite ignored="15" hostname="DESKTOP-FUG0H6V" failures="0" tests="1" name="Default test" time="0.068" errors="0" timestamp="2022-10-09T20:12:49 IST">
  <testcase classname="JAVAprograms.StringPrograms" name="printMultipleOf5AsHi" time="0.012"/>
  <testcase classname="JAVAprograms.StringPrograms" name="PrintDuplicateCharacter" time="0.0">
    <ignored/>
  </testcase> <!-- PrintDuplicateCharacter -->
  <testcase classname="JAVAprograms.StringPrograms" name="SegregateAlphabetNumberSpecial" time="0.0">
    <ignored/>
  </testcase> <!-- SegregateAlphabetNumberSpecial -->
  <testcase classname="JAVAprograms.StringPrograms" name="OccurrenceOfWords" time="0.0">
    <ignored/>
  </testcase> <!-- OccurrenceOfWords -->
  <testcase classname="JAVAprograms.StringPrograms" name="PrintDuplicateWords" time="0.0">
    <ignored/>
  </testcase> <!-- PrintDuplicateWords -->
  <testcase classname="JAVAprograms.StringPrograms" name="OccurrenceOfVowels" time="0.0">
    <ignored/>
  </testcase> <!-- OccurrenceOfVowels -->
  <testcase classname="JAVAprograms.StringPrograms" name="ArrangeAlphabeticalOrder" time="0.0">
    <ignored/>
  </testcase> <!-- ArrangeAlphabeticalOrder -->
  <testcase classname="JAVAprograms.StringPrograms" name="ReverseSentence" time="0.0">
    <ignored/>
  </testcase> <!-- ReverseSentence -->
  <testcase classname="JAVAprograms.StringPrograms" name="countConsonants" time="0.0">
    <ignored/>
  </testcase> <!-- countConsonants -->
  <testcase classname="JAVAprograms.StringPrograms" name="ShiftWord" time="0.0">
    <ignored/>
  </testcase> <!-- ShiftWord -->
  <testcase classname="JAVAprograms.StringPrograms" name="CountVowelRemoveDuplicate" time="0.0">
    <ignored/>
  </testcase> <!-- CountVowelRemoveDuplicate -->
  <testcase classname="JAVAprograms.StringPrograms" name="countVowels" time="0.0">
    <ignored/>
  </testcase> <!-- countVowels -->
  <testcase classname="JAVAprograms.StringPrograms" name="findMinimumTime" time="0.0">
    <ignored/>
  </testcase> <!-- findMinimumTime -->
  <testcase classname="JAVAprograms.StringPrograms" name="OccurrenceOfCharacter" time="0.0">
    <ignored/>
  </testcase> <!-- OccurrenceOfCharacter -->
  <testcase classname="JAVAprograms.StringPrograms" name="reverseString" time="0.0">
    <ignored/>
  </testcase> <!-- reverseString -->
  <testcase classname="JAVAprograms.StringPrograms" name="combineSimilarCharacters" time="0.0">
    <ignored/>
  </testcase> <!-- combineSimilarCharacters -->
</testsuite> <!-- Default test -->
