<?xml version="1.0" encoding="UTF-8"?>
<testng-results ignored="15" total="16" passed="1" failed="0" skipped="0">
  <reporter-output>
  </reporter-output>
  <suite started-at="2022-10-09T20:12:49 IST" name="Default suite" finished-at="2022-10-09T20:12:49 IST" duration-ms="68">
    <groups>
    </groups>
    <test started-at="2022-10-09T20:12:49 IST" name="Default test" finished-at="2022-10-09T20:12:49 IST" duration-ms="68">
      <class name="JAVAprograms.StringPrograms">
        <test-method signature="printMultipleOf5AsHi()[pri:0, instance:JAVAprograms.StringPrograms@70ed52de]" started-at="2022-10-09T20:12:49 IST" name="printMultipleOf5AsHi" finished-at="2022-10-09T20:12:49 IST" duration-ms="12" status="PASS">
          <reporter-output>
          </reporter-output>
        </test-method> <!-- printMultipleOf5AsHi -->
      </class> <!-- JAVAprograms.StringPrograms -->
    </test> <!-- Default test -->
  </suite> <!-- Default suite -->
</testng-results>
