<?xml version="1.0" encoding="UTF-8"?>
<!-- Generated by org.testng.reporters.JUnitXMLReporter -->
<testsuite ignored="8" hostname="DESKTOP-FUG0H6V" failures="0" tests="0" time="0.016" errors="0" timestamp="2022-08-30T11:06:17 IST">
  <testcase classname="JAVAprograms.JavaProgram" name="ascendingarray" time="0.0">
    <ignored/>
  </testcase> <!-- ascendingarray -->
  <testcase classname="JAVAprograms.JavaProgram" name="lowercase" time="0.0">
    <ignored/>
  </testcase> <!-- lowercase -->
  <testcase classname="JAVAprograms.JavaProgram" name="AppendFirstZeros" time="0.0">
    <ignored/>
  </testcase> <!-- AppendFirstZeros -->
  <testcase classname="JAVAprograms.JavaProgram" name="descendingarray" time="0.0">
    <ignored/>
  </testcase> <!-- descendingarray -->
  <testcase classname="JAVAprograms.JavaProgram" name="occurrenceArray" time="0.0">
    <ignored/>
  </testcase> <!-- occurrenceArray -->
  <testcase classname="JAVAprograms.JavaProgram" name="minarray" time="0.0">
    <ignored/>
  </testcase> <!-- minarray -->
  <testcase classname="JAVAprograms.JavaProgram" name="AppendFirstNumbers" time="0.0">
    <ignored/>
  </testcase> <!-- AppendFirstNumbers -->
  <testcase classname="JAVAprograms.JavaProgram" name="FirstMaxAndSecondMax" time="0.0">
    <ignored/>
  </testcase> <!-- FirstMaxAndSecondMax -->
</testsuite>
